2025-09-22 10:06:33,346 [INFO] [acc2] Starting login
2025-09-22 10:06:33,346 [INFO] [acc2] Attempt 1/3
2025-09-22 10:06:33,351 [INFO] [acc1] Starting login
2025-09-22 10:06:33,351 [INFO] [acc1] Attempt 1/3
2025-09-22 10:06:35,756 [INFO] [acc2] Navigated to https://aistudio.google.com/models/veo-3
2025-09-22 10:06:36,676 [INFO] [acc1] Navigated to https://aistudio.google.com/models/veo-3
2025-09-22 10:07:10,349 [INFO] Clicked 'Get started' button
2025-09-22 10:07:10,349 [INFO] Found Google OAuth page
2025-09-22 10:07:10,720 [INFO] Entered email: phuongtrinhthai661@gmail.com
2025-09-22 10:07:11,337 [INFO] Clicked 'Get started' button
2025-09-22 10:07:11,337 [INFO] Found Google OAuth page
2025-09-22 10:07:11,511 [INFO] Entered email: vuvietdu2003@gmail.com
2025-09-22 10:07:16,535 [ERROR] Error filling password: Page.wait_for_selector: Target page, context or browser has been closed
Call log:
  - waiting for locator("input[type='password']") to be visible
    7 × locator resolved to hidden <input class="Hvu6D" tabindex="-1" type="password" jsname="RHeR4d" aria-hidden="true" spellcheck="false" name="hiddenPassword"/>

2025-09-22 10:07:16,535 [WARNING] [acc1] Pausing for manual 2FA/CAPTCHA intervention
2025-09-22 10:07:20,350 [ERROR] Error filling password: Page.wait_for_selector: Target page, context or browser has been closed
Call log:
  - waiting for locator("input[type='password']") to be visible
    7 × locator resolved to hidden <input class="Hvu6D" tabindex="-1" type="password" jsname="RHeR4d" aria-hidden="true" spellcheck="false" name="hiddenPassword"/>

2025-09-22 10:07:20,350 [WARNING] [acc2] Pausing for manual 2FA/CAPTCHA intervention
2025-09-22 10:07:46,969 [ERROR] [acc1] Error on attempt 1: is_visible() got an unexpected keyword argument 'timeout'
2025-09-22 10:07:47,097 [INFO] [acc1] Attempt 2/3
2025-09-22 10:07:50,349 [INFO] [acc1] Navigated to https://aistudio.google.com/models/veo-3
2025-09-22 10:07:50,771 [ERROR] [acc2] Error on attempt 1: is_visible() got an unexpected keyword argument 'timeout'
2025-09-22 10:07:50,894 [INFO] [acc2] Attempt 2/3
2025-09-22 10:07:55,401 [INFO] [acc2] Navigated to https://aistudio.google.com/models/veo-3
2025-09-22 10:08:24,993 [INFO] Clicked 'Get started' button
2025-09-22 10:08:24,994 [INFO] Found Google OAuth page
2025-09-22 10:08:25,178 [INFO] Entered email: vuvietdu2003@gmail.com
2025-09-22 10:08:29,907 [INFO] Clicked 'Get started' button
2025-09-22 10:08:29,907 [INFO] Found Google OAuth page
2025-09-22 10:08:30,300 [INFO] Entered email: phuongtrinhthai661@gmail.com
2025-09-22 10:08:32,613 [ERROR] Error filling password: Page.wait_for_selector: Target page, context or browser has been closed
Call log:
  - waiting for locator("input[type='password']") to be visible
    6 × locator resolved to hidden <input class="Hvu6D" tabindex="-1" type="password" jsname="RHeR4d" aria-hidden="true" spellcheck="false" name="hiddenPassword"/>

2025-09-22 10:08:32,614 [WARNING] [acc2] Pausing for manual 2FA/CAPTCHA intervention
2025-09-22 10:08:35,429 [ERROR] Error filling password: Page.wait_for_selector: Target page, context or browser has been closed
Call log:
  - waiting for locator("input[type='password']") to be visible
    7 × locator resolved to hidden <input class="Hvu6D" tabindex="-1" type="password" jsname="RHeR4d" aria-hidden="true" spellcheck="false" name="hiddenPassword"/>

2025-09-22 10:08:35,429 [WARNING] [acc1] Pausing for manual 2FA/CAPTCHA intervention
